[2025-07-06 16:42:57][INFO] Loading resources...
[2025-07-06 16:42:57][FINE] Loading resources from: data\resourceExtensions.zip ...
[2025-07-06 16:42:57][FINE] Loading resources from: data\minecraft-client-1.21.7.jar ...
[2025-07-06 16:42:57][INFO] Loading textures...
[2025-07-06 16:42:57][FINE] Loading textures from: data\resourceExtensions.zip ...
[2025-07-06 16:42:57][FINE] Loading textures from: data\minecraft-client-1.21.7.jar ...
[2025-07-06 16:43:00][INFO] Baking resources...
[2025-07-06 16:43:00][INFO] Resources loaded.
[2025-07-06 16:43:00][FINE] Loading world world#minecraft:overworld ...
[2025-07-06 16:43:00][FINE] Loading datapack...
[2025-07-06 16:43:00][FINE] Loading datapack from: data\resourceExtensions.zip ...
[2025-07-06 16:43:00][FINE] Loading datapack from: data\minecraft-client-1.21.7.jar ...
[2025-07-06 16:43:00][FINE] Baking datapack...
[2025-07-06 16:43:00][FINE] Datapack loaded.
[2025-07-06 16:43:00][WARNING] 
################################
 There is a problem with your BlueMap setup!
 Failed to load world world#minecraft:overworld!
 Is the level.dat of that world present and not corrupted?
################################
[2025-07-06 16:43:00][SEVERE] Detailed error:
de.bluecolored.bluemap.common.config.ConfigurationException: java.nio.file.NoSuchFileException: world\level.dat
	at de.bluecolored.bluemap.common.BlueMapService.loadMap(BlueMapService.java:230)
	at de.bluecolored.bluemap.common.BlueMapService.getOrLoadMaps(BlueMapService.java:166)
	at de.bluecolored.bluemap.cli.BlueMapCLI.renderMaps(BlueMapCLI.java:99)
	at de.bluecolored.bluemap.cli.BlueMapCLI.main(BlueMapCLI.java:408)
Caused by: java.nio.file.NoSuchFileException: world\level.dat
	at java.base/sun.nio.fs.WindowsException.translateToIOException(WindowsException.java:85)
	at java.base/sun.nio.fs.WindowsException.rethrowAsIOException(WindowsException.java:103)
	at java.base/sun.nio.fs.WindowsException.rethrowAsIOException(WindowsException.java:108)
	at java.base/sun.nio.fs.WindowsFileSystemProvider.newByteChannel(WindowsFileSystemProvider.java:234)
	at java.base/java.nio.file.Files.newByteChannel(Files.java:380)
	at java.base/java.nio.file.Files.newByteChannel(Files.java:432)
	at java.base/java.nio.file.spi.FileSystemProvider.newInputStream(FileSystemProvider.java:420)
	at java.base/java.nio.file.Files.newInputStream(Files.java:160)
	at de.bluecolored.bluemap.core.world.mca.MCAWorld.load(MCAWorld.java:194)
	at de.bluecolored.bluemap.common.BlueMapService.loadMap(BlueMapService.java:227)
	... 3 more

[2025-07-06 16:43:00][INFO] Start updating 0 maps ...
[2025-07-06 16:43:00][INFO] Your maps are now all up-to-date!
[2025-07-06 16:43:00][INFO] Stopping...
[2025-07-06 16:43:00][INFO] Saving...
[2025-07-06 16:43:00][INFO] Stopped.
