[2025-07-06 16:46:32][INFO] Loading resources...
[2025-07-06 16:46:32][FINE] Loading resources from: data\resourceExtensions.zip ...
[2025-07-06 16:46:32][FINE] Loading resources from: data\minecraft-client-1.21.7.jar ...
[2025-07-06 16:46:32][INFO] Loading textures...
[2025-07-06 16:46:32][FINE] Loading textures from: data\resourceExtensions.zip ...
[2025-07-06 16:46:32][FINE] Loading textures from: data\minecraft-client-1.21.7.jar ...
[2025-07-06 16:46:35][INFO] Baking resources...
[2025-07-06 16:46:35][INFO] Resources loaded.
[2025-07-06 16:46:35][FINE] Loading world C:\Users\fgiov\AppData\Roaming\.minecraft\saves\Panslonuvo#minecraft:overworld ...
[2025-07-06 16:46:35][FINE] Loading datapack...
[2025-07-06 16:46:35][FINE] Loading datapack from: data\resourceExtensions.zip ...
[2025-07-06 16:46:35][FINE] Loading datapack from: data\minecraft-client-1.21.7.jar ...
[2025-07-06 16:46:35][FINE] Baking datapack...
[2025-07-06 16:46:35][FINE] Datapack loaded.
[2025-07-06 16:46:35][INFO] Initializing Storage: 'file' (Type: 'bluemap:file')
[2025-07-06 16:46:35][INFO] Loading map 'overworld'...
[2025-07-06 16:46:35][FINE] Loading render-state for map 'overworld'
[2025-07-06 16:46:35][FINE] Loading textures for map 'overworld'
[2025-07-06 16:46:35][INFO] Start updating 1 maps ...
[2025-07-06 16:46:36][FINE] No renderer found for entity type: minecraft:glow_item_frame
[2025-07-06 16:46:38][FINE] No renderer found for entity type: minecraft:boat
[2025-07-06 16:46:38][FINE] No renderer found for entity type: minecraft:painting
[2025-07-06 16:46:38][FINE] No renderer found for entity type: minecraft:turtle
[2025-07-06 16:46:41][FINE] No renderer found for entity type: minecraft:pig
[2025-07-06 16:46:41][FINE] No renderer found for entity type: minecraft:sheep
[2025-07-06 16:46:42][FINE] No renderer found for entity type: minecraft:chest_minecart
[2025-07-06 16:46:43][FINE] No renderer found for entity type: minecraft:cow
[2025-07-06 16:46:43][FINE] No renderer found for entity type: minecraft:fox
[2025-07-06 16:46:43][FINE] No renderer found for entity type: minecraft:villager
[2025-07-06 16:46:44][FINE] No renderer found for entity type: minecraft:chicken
[2025-07-06 16:46:44][FINE] No renderer found for entity type: minecraft:item
[2025-07-06 16:46:44][FINE] No renderer found for entity type: minecraft:horse
[2025-07-06 16:46:45][FINE] No renderer found for entity type: minecraft:wolf
[2025-07-06 16:46:45][INFO] updating map 'overworld': 0.798% (ETA: 22 minutes)
[2025-07-06 16:46:46][FINE] No renderer found for entity type: minecraft:chest_boat
[2025-07-06 16:46:46][FINE] No renderer found for entity type: minecraft:iron_golem
[2025-07-06 16:46:46][FINE] No renderer found for entity type: minecraft:sniffer
[2025-07-06 16:46:49][FINE] No renderer found for entity type: minecraft:donkey
[2025-07-06 16:46:53][FINE] No renderer found for entity type: minecraft:cat
[2025-07-06 16:46:54][FINE] No renderer found for entity type: minecraft:camel
[2025-07-06 16:46:55][INFO] updating map 'overworld': 1.055% (ETA: 43 minutes)
[2025-07-06 16:46:58][FINE] No renderer found for entity type: minecraft:armor_stand
[2025-07-06 16:47:00][FINE] No renderer found for entity type: minecraft:bee
[2025-07-06 16:47:05][INFO] updating map 'overworld': 1.925% (ETA: 35 minutes)
[2025-07-06 16:47:05][FINE] No renderer found for entity type: minecraft:rabbit
[2025-07-06 16:47:07][FINE] No renderer found for entity type: minecraft:axolotl
[2025-07-06 16:47:09][FINE] No renderer found for entity type: minecraft:frog
[2025-07-06 16:47:10][FINE] No renderer found for entity type: minecraft:item_frame
[2025-07-06 16:47:15][INFO] updating map 'overworld': 2.784% (ETA: 37 minutes)
[2025-07-06 16:47:19][FINE] No renderer found for entity type: minecraft:goat
[2025-07-06 16:47:25][INFO] updating map 'overworld': 3.003% (ETA: 42 minutes)
[2025-07-06 16:47:35][INFO] updating map 'overworld': 3.332% (ETA: 43 minutes)
[2025-07-06 16:47:41][FINE] No renderer found for entity type: minecraft:end_crystal
[2025-07-06 16:47:41][FINE] No renderer found for entity type: minecraft:parrot
[2025-07-06 16:47:41][FINE] No renderer found for entity type: minecraft:strider
[2025-07-06 16:47:42][FINE] No renderer found for entity type: minecraft:tropical_fish
[2025-07-06 16:47:45][INFO] updating map 'overworld': 4.065% (ETA: 47 minutes)
[2025-07-06 16:47:55][INFO] updating map 'overworld': 5.953% (ETA: 41 minutes)
[2025-07-06 16:48:05][INFO] updating map 'overworld': 6.434% (ETA: 44 minutes)
[2025-07-06 16:48:08][INFO] Your maps are now all up-to-date!
[2025-07-06 16:48:08][INFO] Stopping...
[2025-07-06 16:48:08][INFO] Saving...
[2025-07-06 16:48:08][INFO] Stopped.
