[2025-07-06 20:38:24][INFO] Starting webserver ...
[2025-07-06 20:38:24][INFO] Initializing Storage: 'file' (Type: 'bluemap:file')
[2025-07-06 20:38:24][WARNING] 
################################
 There is a problem with your BlueMap setup!
 BlueMap failed to bind to the configured address.
 This usually happens when the configured port (8100) is already in use by some other program.
################################
[2025-07-06 20:38:24][SEVERE] Detailed error:
de.bluecolored.bluemap.common.config.ConfigurationException: java.net.BindException: Address already in use: bind
	at de.bluecolored.bluemap.cli.BlueMapCLI.startWebserver(BlueMapCLI.java:305)
	at de.bluecolored.bluemap.cli.BlueMapCLI.main(BlueMapCLI.java:395)
Caused by: java.net.BindException: Address already in use: bind
	at java.base/sun.nio.ch.Net.bind0(Native Method)
	at java.base/sun.nio.ch.Net.bind(Net.java:565)
	at java.base/sun.nio.ch.ServerSocketChannelImpl.netBind(ServerSocketChannelImpl.java:344)
	at java.base/sun.nio.ch.ServerSocketChannelImpl.bind(ServerSocketChannelImpl.java:301)
	at java.base/java.nio.channels.ServerSocketChannel.bind(ServerSocketChannel.java:224)
	at de.bluecolored.bluemap.common.web.http.Server.bind(Server.java:54)
	at de.bluecolored.bluemap.cli.BlueMapCLI.startWebserver(BlueMapCLI.java:295)
	... 1 more

